2018-11-08 09:28:46.044  WARN 12876 --- [main] ory$DuplicateJsonObjectContextCustomizer : 

Found multiple occurrences of org.json.JSONObject on the class path:

	jar:file:/C:/Users/vreyes/.m2/repository/org/json/json/20180130/json-20180130.jar!/org/json/JSONObject.class
	jar:file:/C:/Users/vreyes/.m2/repository/com/vaadin/external/google/android-json/0.0.20131108.vaadin1/android-json-0.0.20131108.vaadin1.jar!/org/json/JSONObject.class

You may wish to exclude one of them to ensure predictable runtime behavior

2018-11-08 09:28:51.170  WARN 12876 --- [main] .c.m.RepositoryCollectionResourceMapping : @RestResource detected to customize the repository resource for ICG.WACH2.EntidadesRepository! Use @RepositoryRestResource instead!
2018-11-08 09:28:52.097  WARN 12876 --- [main] aWebConfiguration$JpaWebMvcConfiguration : spring.jpa.open-in-view is enabled by default. Therefore, database queries may be performed during view rendering. Explicitly configure spring.jpa.open-in-view to disable this warning
2018-11-08 09:29:07.198  WARN 10252 --- [main] ory$DuplicateJsonObjectContextCustomizer : 

Found multiple occurrences of org.json.JSONObject on the class path:

	jar:file:/C:/Users/vreyes/.m2/repository/org/json/json/20180130/json-20180130.jar!/org/json/JSONObject.class
	jar:file:/C:/Users/vreyes/.m2/repository/com/vaadin/external/google/android-json/0.0.20131108.vaadin1/android-json-0.0.20131108.vaadin1.jar!/org/json/JSONObject.class

You may wish to exclude one of them to ensure predictable runtime behavior

2018-11-08 09:29:11.792  WARN 10252 --- [main] .c.m.RepositoryCollectionResourceMapping : @RestResource detected to customize the repository resource for ICG.WACH2.EntidadesRepository! Use @RepositoryRestResource instead!
2018-11-08 09:29:12.598  WARN 10252 --- [main] aWebConfiguration$JpaWebMvcConfiguration : spring.jpa.open-in-view is enabled by default. Therefore, database queries may be performed during view rendering. Explicitly configure spring.jpa.open-in-view to disable this warning
2018-11-08 09:29:32.108  WARN 15756 --- [main] ory$DuplicateJsonObjectContextCustomizer : 

Found multiple occurrences of org.json.JSONObject on the class path:

	jar:file:/C:/Users/vreyes/.m2/repository/org/json/json/20180130/json-20180130.jar!/org/json/JSONObject.class
	jar:file:/C:/Users/vreyes/.m2/repository/com/vaadin/external/google/android-json/0.0.20131108.vaadin1/android-json-0.0.20131108.vaadin1.jar!/org/json/JSONObject.class

You may wish to exclude one of them to ensure predictable runtime behavior

2018-11-08 09:29:36.831  WARN 15756 --- [main] .c.m.RepositoryCollectionResourceMapping : @RestResource detected to customize the repository resource for ICG.WACH2.EntidadesRepository! Use @RepositoryRestResource instead!
2018-11-08 09:29:37.731  WARN 15756 --- [main] aWebConfiguration$JpaWebMvcConfiguration : spring.jpa.open-in-view is enabled by default. Therefore, database queries may be performed during view rendering. Explicitly configure spring.jpa.open-in-view to disable this warning
2018-11-08 09:30:53.884  WARN 11040 --- [main] ory$DuplicateJsonObjectContextCustomizer : 

Found multiple occurrences of org.json.JSONObject on the class path:

	jar:file:/C:/Users/vreyes/.m2/repository/org/json/json/20180130/json-20180130.jar!/org/json/JSONObject.class
	jar:file:/C:/Users/vreyes/.m2/repository/com/vaadin/external/google/android-json/0.0.20131108.vaadin1/android-json-0.0.20131108.vaadin1.jar!/org/json/JSONObject.class

You may wish to exclude one of them to ensure predictable runtime behavior

2018-11-08 09:30:58.414  WARN 11040 --- [main] .c.m.RepositoryCollectionResourceMapping : @RestResource detected to customize the repository resource for ICG.WACH2.EntidadesRepository! Use @RepositoryRestResource instead!
2018-11-08 09:30:59.178  WARN 11040 --- [main] aWebConfiguration$JpaWebMvcConfiguration : spring.jpa.open-in-view is enabled by default. Therefore, database queries may be performed during view rendering. Explicitly configure spring.jpa.open-in-view to disable this warning
2018-11-08 09:31:25.862  WARN 14888 --- [main] ory$DuplicateJsonObjectContextCustomizer : 

Found multiple occurrences of org.json.JSONObject on the class path:

	jar:file:/C:/Users/vreyes/.m2/repository/org/json/json/20180130/json-20180130.jar!/org/json/JSONObject.class
	jar:file:/C:/Users/vreyes/.m2/repository/com/vaadin/external/google/android-json/0.0.20131108.vaadin1/android-json-0.0.20131108.vaadin1.jar!/org/json/JSONObject.class

You may wish to exclude one of them to ensure predictable runtime behavior

2018-11-08 09:31:30.190  WARN 14888 --- [main] .c.m.RepositoryCollectionResourceMapping : @RestResource detected to customize the repository resource for ICG.WACH2.EntidadesRepository! Use @RepositoryRestResource instead!
2018-11-08 09:31:30.981  WARN 14888 --- [main] aWebConfiguration$JpaWebMvcConfiguration : spring.jpa.open-in-view is enabled by default. Therefore, database queries may be performed during view rendering. Explicitly configure spring.jpa.open-in-view to disable this warning
2018-11-08 09:31:54.127  WARN 15124 --- [main] .c.m.RepositoryCollectionResourceMapping : @RestResource detected to customize the repository resource for ICG.WACH2.EntidadesRepository! Use @RepositoryRestResource instead!
2018-11-08 09:31:54.989  WARN 15124 --- [main] aWebConfiguration$JpaWebMvcConfiguration : spring.jpa.open-in-view is enabled by default. Therefore, database queries may be performed during view rendering. Explicitly configure spring.jpa.open-in-view to disable this warning
2018-11-08 09:32:46.934  WARN 12844 --- [main] .c.m.RepositoryCollectionResourceMapping : @RestResource detected to customize the repository resource for ICG.WACH2.EntidadesRepository! Use @RepositoryRestResource instead!
2018-11-08 09:32:47.373  WARN 12844 --- [main] aWebConfiguration$JpaWebMvcConfiguration : spring.jpa.open-in-view is enabled by default. Therefore, database queries may be performed during view rendering. Explicitly configure spring.jpa.open-in-view to disable this warning
